<?xml version="1.0" encoding="UTF-8"?>
<!-- Generated by org.testng.reporters.JUnitXMLReporter -->
<testsuite ignored="0" hostname="String-Lap-12dhianesh" failures="0" tests="9" name="PatientRegistrationTests" time="19.573" errors="0" timestamp="2025-05-19T10:29:02 IST">
  <testcase classname="scripts.PatientRegTest" name="tc_002_patientName" time="4.686"/>
  <testcase classname="scripts.PatientRegTest" name="tc_003_gender" time="0.589"/>
  <testcase classname="scripts.PatientRegTest" name="tc_004_dateOfBirth" time="0.654"/>
  <testcase classname="scripts.PatientRegTest" name="tc_005_address" time="0.248"/>
  <testcase classname="scripts.PatientRegTest" name="tc_006_phoneNumber" time="0.195"/>
  <testcase classname="scripts.PatientRegTest" name="tc_007_relatives" time="1.276"/>
  <testcase classname="scripts.PatientRegTest" name="tc_008_validationInputData" time="0.485"/>
  <testcase classname="scripts.PatientRegTest" name="tc_009_confirmValidation" time="0.754"/>
  <testcase classname="scripts.PatientRegTest" name="tc_010_patientDetailsPage" time="7.455"/>
</testsuite> <!-- PatientRegistrationTests -->
