<?xml version="1.0" encoding="UTF-8"?>
<!-- Generated by org.testng.reporters.JUnitXMLReporter -->
<testsuite ignored="6" hostname="String-Lap-12dhianesh" failures="0" tests="20" name="Test" time="45.391" errors="0" timestamp="2025-05-19T09:35:57 IST">
  <testcase classname="scripts.LoginTest" name="tc_001_logIn" time="4.607"/>
  <testcase classname="scripts.PatientRegTest" name="tc_002_patientName" time="4.313"/>
  <testcase classname="scripts.PatientRegTest" name="tc_003_gender" time="0.389"/>
  <testcase classname="scripts.PatientRegTest" name="tc_004_dateOfBirth" time="0.761"/>
  <testcase classname="scripts.PatientRegTest" name="tc_005_address" time="0.214"/>
  <testcase classname="scripts.PatientRegTest" name="tc_006_phoneNumber" time="0.22"/>
  <testcase classname="scripts.PatientRegTest" name="tc_007_relatives" time="0.462"/>
  <testcase classname="scripts.PatientRegTest" name="tc_008_validationInputData" time="0.196"/>
  <testcase classname="scripts.PatientRegTest" name="tc_009_confirmValidation" time="0.164"/>
  <testcase classname="scripts.PatientRegTest" name="tc_010_patientDetailsPage" time="4.766"/>
  <testcase classname="scripts.VisitingdetailsTest" name="tc_011_startVisit" time="0.283"/>
  <testcase classname="scripts.VisitingdetailsTest" name="tc_012_onVisitPage" time="0.032"/>
  <testcase classname="scripts.VisitingdetailsTest" name="tc_013_addAttachment" time="2.571"/>
  <testcase classname="scripts.VisitingdetailsTest" name="tc_014_verifyToast" time="0.159"/>
  <testcase classname="scripts.VisitingdetailsTest" name="tc_015_checkAddedAttacment" time="4.169"/>
  <testcase classname="scripts.VisitingdetailsTest" name="tc_016_recentVisit" time="0.047"/>
  <testcase classname="scripts.EndVisitAndDeleteTest" name="tc_017_endVisit" time="0.2"/>
  <testcase classname="scripts.EndVisitAndDeleteTest" name="tc_018_deletePatient" time="10.299"/>
  <testcase classname="scripts.EndVisitAndDeleteTest" name="tc_019_verifyToast" time="0.408"/>
  <testcase classname="scripts.EndVisitAndDeleteTest" name="tc_020_searchDeletePatient" time="4.15"/>
  <testcase classname="utilities.BaseClass" name="@AfterSuite closeApp" time="0.0">
    <ignored/>
  </testcase> <!-- @AfterSuite closeApp -->
  <testcase classname="utilities.BaseClass" name="@BeforeSuite openApp" time="0.0">
    <ignored/>
  </testcase> <!-- @BeforeSuite openApp -->
  <testcase classname="utilities.BaseClass" name="@AfterSuite closeApp" time="0.0">
    <ignored/>
  </testcase> <!-- @AfterSuite closeApp -->
  <testcase classname="utilities.BaseClass" name="@BeforeSuite openApp" time="0.0">
    <ignored/>
  </testcase> <!-- @BeforeSuite openApp -->
  <testcase classname="utilities.BaseClass" name="@AfterSuite closeApp" time="0.0">
    <ignored/>
  </testcase> <!-- @AfterSuite closeApp -->
  <testcase classname="utilities.BaseClass" name="@BeforeSuite openApp" time="0.0">
    <ignored/>
  </testcase> <!-- @BeforeSuite openApp -->
</testsuite> <!-- Test -->
