<?xml version="1.0" encoding="UTF-8"?>
<!-- Generated by org.testng.reporters.JUnitXMLReporter -->
<testsuite ignored="2" hostname="String-Lap-12dhianesh" failures="0" tests="10" name="VisitTests" time="31.258" errors="0" timestamp="2025-05-19T10:29:33 IST">
  <testcase classname="scripts.VisitingdetailsTest" name="tc_011_startVisit" time="0.302"/>
  <testcase classname="scripts.VisitingdetailsTest" name="tc_012_onVisitPage" time="0.031"/>
  <testcase classname="scripts.VisitingdetailsTest" name="tc_013_addAttachment" time="2.95"/>
  <testcase classname="scripts.VisitingdetailsTest" name="tc_014_verifyToast" time="0.2"/>
  <testcase classname="scripts.VisitingdetailsTest" name="tc_015_checkAddedAttacment" time="4.391"/>
  <testcase classname="scripts.VisitingdetailsTest" name="tc_016_recentVisit" time="0.039"/>
  <testcase classname="scripts.EndVisitAndDeleteTest" name="tc_017_endVisit" time="0.3"/>
  <testcase classname="scripts.EndVisitAndDeleteTest" name="tc_018_deletePatient" time="10.355"/>
  <testcase classname="scripts.EndVisitAndDeleteTest" name="tc_019_verifyToast" time="0.223"/>
  <testcase classname="scripts.EndVisitAndDeleteTest" name="tc_020_searchDeletePatient" time="5.321"/>
  <testcase classname="utilities.BaseClass" name="@BeforeSuite openApp" time="0.0">
    <ignored/>
  </testcase> <!-- @BeforeSuite openApp -->
  <testcase classname="utilities.BaseClass" name="@AfterSuite closeApp" time="0.0">
    <ignored/>
  </testcase> <!-- @AfterSuite closeApp -->
</testsuite> <!-- VisitTests -->
