<?xml version="1.0" encoding="UTF-8"?>
<testng-results ignored="0" total="20" passed="20" failed="0" skipped="0">
  <reporter-output>
  </reporter-output>
  <suite started-at="2025-05-19T10:28:40 IST" name="Suite" finished-at="2025-05-19T10:29:33 IST" duration-ms="53583">
    <groups>
    </groups>
    <test started-at="2025-05-19T10:28:40 IST" name="LoginTests" finished-at="2025-05-19T10:28:43 IST" duration-ms="2714">
      <class name="scripts.LoginTest">
        <test-method signature="tc_001_logIn()[pri:0, instance:scripts.LoginTest@217ed35e]" started-at="2025-05-19T10:28:40 IST" name="tc_001_logIn" finished-at="2025-05-19T10:28:42 IST" duration-ms="2281" status="PASS">
          <reporter-output>
          </reporter-output>
        </test-method> <!-- tc_001_logIn -->
        <test-method is-config="true" signature="captureScreenshot(org.testng.ITestResult)[pri:0, instance:scripts.LoginTest@217ed35e]" started-at="2025-05-19T10:28:42 IST" name="captureScreenshot" finished-at="2025-05-19T10:28:43 IST" duration-ms="391" status="PASS">
          <params>
            <param index="0">
              <value>
                <![CDATA[[TestResult name=tc_001_logIn status=SUCCESS method=LoginTest.tc_001_logIn()[pri:0, instance:scripts.LoginTest@217ed35e] output={null}]]]>
              </value>
            </param>
          </params>
          <reporter-output>
          </reporter-output>
        </test-method> <!-- captureScreenshot -->
      </class> <!-- scripts.LoginTest -->
    </test> <!-- LoginTests -->
    <test started-at="2025-05-19T10:28:43 IST" name="PatientRegistrationTests" finished-at="2025-05-19T10:29:02 IST" duration-ms="19573">
      <class name="scripts.PatientRegTest">
        <test-method signature="tc_002_patientName()[pri:1, instance:scripts.PatientRegTest@24313fcc]" started-at="2025-05-19T10:28:43 IST" name="tc_002_patientName" finished-at="2025-05-19T10:28:47 IST" duration-ms="4686" status="PASS">
          <reporter-output>
          </reporter-output>
        </test-method> <!-- tc_002_patientName -->
        <test-method is-config="true" signature="captureScreenshot(org.testng.ITestResult)[pri:0, instance:scripts.PatientRegTest@24313fcc]" started-at="2025-05-19T10:28:47 IST" name="captureScreenshot" finished-at="2025-05-19T10:28:48 IST" duration-ms="596" status="PASS">
          <params>
            <param index="0">
              <value>
                <![CDATA[[TestResult name=tc_002_patientName status=SUCCESS method=PatientRegTest.tc_002_patientName()[pri:1, instance:scripts.PatientRegTest@24313fcc] output={null}]]]>
              </value>
            </param>
          </params>
          <reporter-output>
          </reporter-output>
        </test-method> <!-- captureScreenshot -->
        <test-method signature="tc_003_gender()[pri:2, instance:scripts.PatientRegTest@24313fcc]" started-at="2025-05-19T10:28:48 IST" name="tc_003_gender" finished-at="2025-05-19T10:28:48 IST" duration-ms="589" status="PASS">
          <reporter-output>
          </reporter-output>
        </test-method> <!-- tc_003_gender -->
        <test-method is-config="true" signature="captureScreenshot(org.testng.ITestResult)[pri:0, instance:scripts.PatientRegTest@24313fcc]" started-at="2025-05-19T10:28:48 IST" name="captureScreenshot" finished-at="2025-05-19T10:28:49 IST" duration-ms="284" status="PASS">
          <params>
            <param index="0">
              <value>
                <![CDATA[[TestResult name=tc_003_gender status=SUCCESS method=PatientRegTest.tc_003_gender()[pri:2, instance:scripts.PatientRegTest@24313fcc] output={null}]]]>
              </value>
            </param>
          </params>
          <reporter-output>
          </reporter-output>
        </test-method> <!-- captureScreenshot -->
        <test-method signature="tc_004_dateOfBirth()[pri:3, instance:scripts.PatientRegTest@24313fcc]" started-at="2025-05-19T10:28:49 IST" name="tc_004_dateOfBirth" finished-at="2025-05-19T10:28:49 IST" duration-ms="654" status="PASS">
          <reporter-output>
          </reporter-output>
        </test-method> <!-- tc_004_dateOfBirth -->
        <test-method is-config="true" signature="captureScreenshot(org.testng.ITestResult)[pri:0, instance:scripts.PatientRegTest@24313fcc]" started-at="2025-05-19T10:28:49 IST" name="captureScreenshot" finished-at="2025-05-19T10:28:50 IST" duration-ms="158" status="PASS">
          <params>
            <param index="0">
              <value>
                <![CDATA[[TestResult name=tc_004_dateOfBirth status=SUCCESS method=PatientRegTest.tc_004_dateOfBirth()[pri:3, instance:scripts.PatientRegTest@24313fcc] output={null}]]]>
              </value>
            </param>
          </params>
          <reporter-output>
          </reporter-output>
        </test-method> <!-- captureScreenshot -->
        <test-method signature="tc_005_address()[pri:4, instance:scripts.PatientRegTest@24313fcc]" started-at="2025-05-19T10:28:50 IST" name="tc_005_address" finished-at="2025-05-19T10:28:50 IST" duration-ms="248" status="PASS">
          <reporter-output>
          </reporter-output>
        </test-method> <!-- tc_005_address -->
        <test-method is-config="true" signature="captureScreenshot(org.testng.ITestResult)[pri:0, instance:scripts.PatientRegTest@24313fcc]" started-at="2025-05-19T10:28:50 IST" name="captureScreenshot" finished-at="2025-05-19T10:28:50 IST" duration-ms="231" status="PASS">
          <params>
            <param index="0">
              <value>
                <![CDATA[[TestResult name=tc_005_address status=SUCCESS method=PatientRegTest.tc_005_address()[pri:4, instance:scripts.PatientRegTest@24313fcc] output={null}]]]>
              </value>
            </param>
          </params>
          <reporter-output>
          </reporter-output>
        </test-method> <!-- captureScreenshot -->
        <test-method signature="tc_006_phoneNumber()[pri:5, instance:scripts.PatientRegTest@24313fcc]" started-at="2025-05-19T10:28:50 IST" name="tc_006_phoneNumber" finished-at="2025-05-19T10:28:50 IST" duration-ms="195" status="PASS">
          <reporter-output>
          </reporter-output>
        </test-method> <!-- tc_006_phoneNumber -->
        <test-method is-config="true" signature="captureScreenshot(org.testng.ITestResult)[pri:0, instance:scripts.PatientRegTest@24313fcc]" started-at="2025-05-19T10:28:50 IST" name="captureScreenshot" finished-at="2025-05-19T10:28:51 IST" duration-ms="256" status="PASS">
          <params>
            <param index="0">
              <value>
                <![CDATA[[TestResult name=tc_006_phoneNumber status=SUCCESS method=PatientRegTest.tc_006_phoneNumber()[pri:5, instance:scripts.PatientRegTest@24313fcc] output={null}]]]>
              </value>
            </param>
          </params>
          <reporter-output>
          </reporter-output>
        </test-method> <!-- captureScreenshot -->
        <test-method signature="tc_007_relatives()[pri:6, instance:scripts.PatientRegTest@24313fcc]" started-at="2025-05-19T10:28:51 IST" name="tc_007_relatives" finished-at="2025-05-19T10:28:52 IST" duration-ms="1276" status="PASS">
          <reporter-output>
          </reporter-output>
        </test-method> <!-- tc_007_relatives -->
        <test-method is-config="true" signature="captureScreenshot(org.testng.ITestResult)[pri:0, instance:scripts.PatientRegTest@24313fcc]" started-at="2025-05-19T10:28:52 IST" name="captureScreenshot" finished-at="2025-05-19T10:28:52 IST" duration-ms="366" status="PASS">
          <params>
            <param index="0">
              <value>
                <![CDATA[[TestResult name=tc_007_relatives status=SUCCESS method=PatientRegTest.tc_007_relatives()[pri:6, instance:scripts.PatientRegTest@24313fcc] output={null}]]]>
              </value>
            </param>
          </params>
          <reporter-output>
          </reporter-output>
        </test-method> <!-- captureScreenshot -->
        <test-method signature="tc_008_validationInputData()[pri:7, instance:scripts.PatientRegTest@24313fcc]" started-at="2025-05-19T10:28:52 IST" name="tc_008_validationInputData" finished-at="2025-05-19T10:28:53 IST" duration-ms="485" status="PASS">
          <reporter-output>
          </reporter-output>
        </test-method> <!-- tc_008_validationInputData -->
        <test-method is-config="true" signature="captureScreenshot(org.testng.ITestResult)[pri:0, instance:scripts.PatientRegTest@24313fcc]" started-at="2025-05-19T10:28:53 IST" name="captureScreenshot" finished-at="2025-05-19T10:28:53 IST" duration-ms="413" status="PASS">
          <params>
            <param index="0">
              <value>
                <![CDATA[[TestResult name=tc_008_validationInputData status=SUCCESS method=PatientRegTest.tc_008_validationInputData()[pri:7, instance:scripts.PatientRegTest@24313fcc] output={null}]]]>
              </value>
            </param>
          </params>
          <reporter-output>
          </reporter-output>
        </test-method> <!-- captureScreenshot -->
        <test-method signature="tc_009_confirmValidation()[pri:8, instance:scripts.PatientRegTest@24313fcc]" started-at="2025-05-19T10:28:53 IST" name="tc_009_confirmValidation" finished-at="2025-05-19T10:28:54 IST" duration-ms="754" status="PASS">
          <reporter-output>
          </reporter-output>
        </test-method> <!-- tc_009_confirmValidation -->
        <test-method is-config="true" signature="captureScreenshot(org.testng.ITestResult)[pri:0, instance:scripts.PatientRegTest@24313fcc]" started-at="2025-05-19T10:28:54 IST" name="captureScreenshot" finished-at="2025-05-19T10:28:54 IST" duration-ms="342" status="PASS">
          <params>
            <param index="0">
              <value>
                <![CDATA[[TestResult name=tc_009_confirmValidation status=SUCCESS method=PatientRegTest.tc_009_confirmValidation()[pri:8, instance:scripts.PatientRegTest@24313fcc] output={null}]]]>
              </value>
            </param>
          </params>
          <reporter-output>
          </reporter-output>
        </test-method> <!-- captureScreenshot -->
        <test-method signature="tc_010_patientDetailsPage()[pri:9, instance:scripts.PatientRegTest@24313fcc]" started-at="2025-05-19T10:28:54 IST" name="tc_010_patientDetailsPage" finished-at="2025-05-19T10:29:02 IST" duration-ms="7455" status="PASS">
          <reporter-output>
          </reporter-output>
        </test-method> <!-- tc_010_patientDetailsPage -->
        <test-method is-config="true" signature="captureScreenshot(org.testng.ITestResult)[pri:0, instance:scripts.PatientRegTest@24313fcc]" started-at="2025-05-19T10:29:02 IST" name="captureScreenshot" finished-at="2025-05-19T10:29:02 IST" duration-ms="550" status="PASS">
          <params>
            <param index="0">
              <value>
                <![CDATA[[TestResult name=tc_010_patientDetailsPage status=SUCCESS method=PatientRegTest.tc_010_patientDetailsPage()[pri:9, instance:scripts.PatientRegTest@24313fcc] output={null}]]]>
              </value>
            </param>
          </params>
          <reporter-output>
          </reporter-output>
        </test-method> <!-- captureScreenshot -->
      </class> <!-- scripts.PatientRegTest -->
    </test> <!-- PatientRegistrationTests -->
    <test started-at="2025-05-19T10:29:02 IST" name="VisitTests" finished-at="2025-05-19T10:29:33 IST" duration-ms="31258">
      <class name="scripts.EndVisitAndDeleteTest">
        <test-method signature="tc_017_endVisit()[pri:1, instance:scripts.EndVisitAndDeleteTest@69453e37]" started-at="2025-05-19T10:29:14 IST" name="tc_017_endVisit" finished-at="2025-05-19T10:29:15 IST" duration-ms="300" status="PASS">
          <reporter-output>
          </reporter-output>
        </test-method> <!-- tc_017_endVisit -->
        <test-method is-config="true" signature="captureScreenshot(org.testng.ITestResult)[pri:0, instance:scripts.EndVisitAndDeleteTest@69453e37]" started-at="2025-05-19T10:29:15 IST" name="captureScreenshot" finished-at="2025-05-19T10:29:17 IST" duration-ms="2099" status="PASS">
          <params>
            <param index="0">
              <value>
                <![CDATA[[TestResult name=tc_017_endVisit status=SUCCESS method=EndVisitAndDeleteTest.tc_017_endVisit()[pri:1, instance:scripts.EndVisitAndDeleteTest@69453e37] output={null}]]]>
              </value>
            </param>
          </params>
          <reporter-output>
          </reporter-output>
        </test-method> <!-- captureScreenshot -->
        <test-method signature="tc_018_deletePatient()[pri:2, instance:scripts.EndVisitAndDeleteTest@69453e37]" started-at="2025-05-19T10:29:17 IST" name="tc_018_deletePatient" finished-at="2025-05-19T10:29:27 IST" duration-ms="10355" status="PASS">
          <reporter-output>
          </reporter-output>
        </test-method> <!-- tc_018_deletePatient -->
        <test-method is-config="true" signature="captureScreenshot(org.testng.ITestResult)[pri:0, instance:scripts.EndVisitAndDeleteTest@69453e37]" started-at="2025-05-19T10:29:27 IST" name="captureScreenshot" finished-at="2025-05-19T10:29:27 IST" duration-ms="351" status="PASS">
          <params>
            <param index="0">
              <value>
                <![CDATA[[TestResult name=tc_018_deletePatient status=SUCCESS method=EndVisitAndDeleteTest.tc_018_deletePatient()[pri:2, instance:scripts.EndVisitAndDeleteTest@69453e37] output={null}]]]>
              </value>
            </param>
          </params>
          <reporter-output>
          </reporter-output>
        </test-method> <!-- captureScreenshot -->
        <test-method signature="tc_019_verifyToast()[pri:3, instance:scripts.EndVisitAndDeleteTest@69453e37]" started-at="2025-05-19T10:29:27 IST" name="tc_019_verifyToast" finished-at="2025-05-19T10:29:28 IST" duration-ms="223" status="PASS">
          <reporter-output>
          </reporter-output>
        </test-method> <!-- tc_019_verifyToast -->
        <test-method is-config="true" signature="captureScreenshot(org.testng.ITestResult)[pri:0, instance:scripts.EndVisitAndDeleteTest@69453e37]" started-at="2025-05-19T10:29:28 IST" name="captureScreenshot" finished-at="2025-05-19T10:29:28 IST" duration-ms="189" status="PASS">
          <params>
            <param index="0">
              <value>
                <![CDATA[[TestResult name=tc_019_verifyToast status=SUCCESS method=EndVisitAndDeleteTest.tc_019_verifyToast()[pri:3, instance:scripts.EndVisitAndDeleteTest@69453e37] output={null}]]]>
              </value>
            </param>
          </params>
          <reporter-output>
          </reporter-output>
        </test-method> <!-- captureScreenshot -->
        <test-method signature="tc_020_searchDeletePatient()[pri:4, instance:scripts.EndVisitAndDeleteTest@69453e37]" started-at="2025-05-19T10:29:28 IST" name="tc_020_searchDeletePatient" finished-at="2025-05-19T10:29:33 IST" duration-ms="5321" status="PASS">
          <reporter-output>
          </reporter-output>
        </test-method> <!-- tc_020_searchDeletePatient -->
        <test-method is-config="true" signature="captureScreenshot(org.testng.ITestResult)[pri:0, instance:scripts.EndVisitAndDeleteTest@69453e37]" started-at="2025-05-19T10:29:33 IST" name="captureScreenshot" finished-at="2025-05-19T10:29:33 IST" duration-ms="284" status="PASS">
          <params>
            <param index="0">
              <value>
                <![CDATA[[TestResult name=tc_020_searchDeletePatient status=SUCCESS method=EndVisitAndDeleteTest.tc_020_searchDeletePatient()[pri:4, instance:scripts.EndVisitAndDeleteTest@69453e37] output={null}]]]>
              </value>
            </param>
          </params>
          <reporter-output>
          </reporter-output>
        </test-method> <!-- captureScreenshot -->
      </class> <!-- scripts.EndVisitAndDeleteTest -->
      <class name="scripts.VisitingdetailsTest">
        <test-method is-config="true" signature="openApp()[pri:0, instance:scripts.VisitingdetailsTest@2002fc1d]" started-at="2025-05-19T10:28:30 IST" name="openApp" finished-at="2025-05-19T10:28:40 IST" duration-ms="9757" status="PASS">
          <reporter-output>
          </reporter-output>
        </test-method> <!-- openApp -->
        <test-method signature="tc_011_startVisit()[pri:1, instance:scripts.VisitingdetailsTest@2002fc1d]" started-at="2025-05-19T10:29:02 IST" name="tc_011_startVisit" finished-at="2025-05-19T10:29:02 IST" duration-ms="302" status="PASS">
          <reporter-output>
          </reporter-output>
        </test-method> <!-- tc_011_startVisit -->
        <test-method is-config="true" signature="captureScreenshot(org.testng.ITestResult)[pri:0, instance:scripts.VisitingdetailsTest@2002fc1d]" started-at="2025-05-19T10:29:02 IST" name="captureScreenshot" finished-at="2025-05-19T10:29:03 IST" duration-ms="421" status="PASS">
          <params>
            <param index="0">
              <value>
                <![CDATA[[TestResult name=tc_011_startVisit status=SUCCESS method=VisitingdetailsTest.tc_011_startVisit()[pri:1, instance:scripts.VisitingdetailsTest@2002fc1d] output={null}]]]>
              </value>
            </param>
          </params>
          <reporter-output>
          </reporter-output>
        </test-method> <!-- captureScreenshot -->
        <test-method signature="tc_012_onVisitPage()[pri:2, instance:scripts.VisitingdetailsTest@2002fc1d]" started-at="2025-05-19T10:29:03 IST" name="tc_012_onVisitPage" finished-at="2025-05-19T10:29:03 IST" duration-ms="31" status="PASS">
          <reporter-output>
          </reporter-output>
        </test-method> <!-- tc_012_onVisitPage -->
        <test-method is-config="true" signature="captureScreenshot(org.testng.ITestResult)[pri:0, instance:scripts.VisitingdetailsTest@2002fc1d]" started-at="2025-05-19T10:29:03 IST" name="captureScreenshot" finished-at="2025-05-19T10:29:06 IST" duration-ms="2902" status="PASS">
          <params>
            <param index="0">
              <value>
                <![CDATA[[TestResult name=tc_012_onVisitPage status=SUCCESS method=VisitingdetailsTest.tc_012_onVisitPage()[pri:2, instance:scripts.VisitingdetailsTest@2002fc1d] output={null}]]]>
              </value>
            </param>
          </params>
          <reporter-output>
          </reporter-output>
        </test-method> <!-- captureScreenshot -->
        <test-method signature="tc_013_addAttachment()[pri:3, instance:scripts.VisitingdetailsTest@2002fc1d]" started-at="2025-05-19T10:29:06 IST" name="tc_013_addAttachment" finished-at="2025-05-19T10:29:09 IST" duration-ms="2950" status="PASS">
          <reporter-output>
          </reporter-output>
        </test-method> <!-- tc_013_addAttachment -->
        <test-method is-config="true" signature="captureScreenshot(org.testng.ITestResult)[pri:0, instance:scripts.VisitingdetailsTest@2002fc1d]" started-at="2025-05-19T10:29:09 IST" name="captureScreenshot" finished-at="2025-05-19T10:29:09 IST" duration-ms="157" status="PASS">
          <params>
            <param index="0">
              <value>
                <![CDATA[[TestResult name=tc_013_addAttachment status=SUCCESS method=VisitingdetailsTest.tc_013_addAttachment()[pri:3, instance:scripts.VisitingdetailsTest@2002fc1d] output={null}]]]>
              </value>
            </param>
          </params>
          <reporter-output>
          </reporter-output>
        </test-method> <!-- captureScreenshot -->
        <test-method signature="tc_014_verifyToast()[pri:4, instance:scripts.VisitingdetailsTest@2002fc1d]" started-at="2025-05-19T10:29:09 IST" name="tc_014_verifyToast" finished-at="2025-05-19T10:29:09 IST" duration-ms="200" status="PASS">
          <reporter-output>
          </reporter-output>
        </test-method> <!-- tc_014_verifyToast -->
        <test-method is-config="true" signature="captureScreenshot(org.testng.ITestResult)[pri:0, instance:scripts.VisitingdetailsTest@2002fc1d]" started-at="2025-05-19T10:29:09 IST" name="captureScreenshot" finished-at="2025-05-19T10:29:09 IST" duration-ms="188" status="PASS">
          <params>
            <param index="0">
              <value>
                <![CDATA[[TestResult name=tc_014_verifyToast status=SUCCESS method=VisitingdetailsTest.tc_014_verifyToast()[pri:4, instance:scripts.VisitingdetailsTest@2002fc1d] output={null}]]]>
              </value>
            </param>
          </params>
          <reporter-output>
          </reporter-output>
        </test-method> <!-- captureScreenshot -->
        <test-method signature="tc_015_checkAddedAttacment()[pri:5, instance:scripts.VisitingdetailsTest@2002fc1d]" started-at="2025-05-19T10:29:09 IST" name="tc_015_checkAddedAttacment" finished-at="2025-05-19T10:29:14 IST" duration-ms="4391" status="PASS">
          <reporter-output>
          </reporter-output>
        </test-method> <!-- tc_015_checkAddedAttacment -->
        <test-method is-config="true" signature="captureScreenshot(org.testng.ITestResult)[pri:0, instance:scripts.VisitingdetailsTest@2002fc1d]" started-at="2025-05-19T10:29:14 IST" name="captureScreenshot" finished-at="2025-05-19T10:29:14 IST" duration-ms="314" status="PASS">
          <params>
            <param index="0">
              <value>
                <![CDATA[[TestResult name=tc_015_checkAddedAttacment status=SUCCESS method=VisitingdetailsTest.tc_015_checkAddedAttacment()[pri:5, instance:scripts.VisitingdetailsTest@2002fc1d] output={null}]]]>
              </value>
            </param>
          </params>
          <reporter-output>
          </reporter-output>
        </test-method> <!-- captureScreenshot -->
        <test-method signature="tc_016_recentVisit()[pri:6, instance:scripts.VisitingdetailsTest@2002fc1d]" started-at="2025-05-19T10:29:14 IST" name="tc_016_recentVisit" finished-at="2025-05-19T10:29:14 IST" duration-ms="39" status="PASS">
          <reporter-output>
          </reporter-output>
        </test-method> <!-- tc_016_recentVisit -->
        <test-method is-config="true" signature="captureScreenshot(org.testng.ITestResult)[pri:0, instance:scripts.VisitingdetailsTest@2002fc1d]" started-at="2025-05-19T10:29:14 IST" name="captureScreenshot" finished-at="2025-05-19T10:29:14 IST" duration-ms="209" status="PASS">
          <params>
            <param index="0">
              <value>
                <![CDATA[[TestResult name=tc_016_recentVisit status=SUCCESS method=VisitingdetailsTest.tc_016_recentVisit()[pri:6, instance:scripts.VisitingdetailsTest@2002fc1d] output={null}]]]>
              </value>
            </param>
          </params>
          <reporter-output>
          </reporter-output>
        </test-method> <!-- captureScreenshot -->
        <test-method is-config="true" signature="closeApp()[pri:0, instance:scripts.VisitingdetailsTest@2002fc1d]" started-at="2025-05-19T10:29:33 IST" name="closeApp" finished-at="2025-05-19T10:29:34 IST" duration-ms="373" status="PASS">
          <reporter-output>
          </reporter-output>
        </test-method> <!-- closeApp -->
      </class> <!-- scripts.VisitingdetailsTest -->
    </test> <!-- VisitTests -->
  </suite> <!-- Suite -->
</testng-results>
